0 0 0 128 10 0 
0 0 0 128 10 0 
0 0 0 3 9 0 Federation Name : GLOBAL_SYNCHRONIZATION, Handle : 1(Last modified Tue Feb 16 18:22:44 2016) created. - OK
0 0 0 5 9 0 Federate "SYNCH_OMNET" joins Federation "GLOBAL_SYNCHRONIZATION"(1)with handle 1. Socket 6 - OK
0 1 1 11 8 0 Label "Init" registered. Tag is "Waiting all federations." - OK
0 1 1 38 7 0 Subscribe Interaction Class = 3 - OK
0 1 1 34 7 0 Publish Interaction Class = 4 - OK
0 1 1 8 8 0 ON at time 0 - OK
0 1 1 7 8 0 ON at time 1 - OK
0 0 0 3 9 0 Federation Name : COSSIM_PROC_NET_NODE0, Handle : 2(Last modified Tue Feb 16 18:22:44 2016) created. - OK
0 0 0 5 9 0 Federate "OMNET" joins Federation "COSSIM_PROC_NET_NODE0"(2)with handle 1. Socket 7 - OK
0 2 1 11 8 0 Label "Init" registered. Tag is "Waiting all federations." - OK
0 2 1 38 7 0 Subscribe Interaction Class = 3 - OK
0 2 1 34 7 0 Publish Interaction Class = 4 - OK
0 0 0 3 9 0 Federation Name : COSSIM_PROC_NET_NODE0, Handle : 3 - OK
0 0 0 5 9 0 Federate "GEM5" joins Federation "COSSIM_PROC_NET_NODE0"(2)with handle 2. Socket 10 - OK
0 2 2 34 7 0 Publish Interaction Class = 3 - OK
0 2 2 38 7 0 Subscribe Interaction Class = 4 - OK
0 2 1 14 8 0 Label "Init" ended. - OK
0 2 2 14 8 0 Label "Init" ended. - OK
0 0 0 3 9 0 Federation Name : COSSIM_PROC_NET_NODE1, Handle : 4(Last modified Tue Feb 16 18:22:44 2016) created. - OK
0 0 0 5 9 0 Federate "OMNET" joins Federation "COSSIM_PROC_NET_NODE1"(4)with handle 1. Socket 12 - OK
0 4 1 11 8 0 Label "Init" registered. Tag is "Waiting all federations." - OK
0 4 1 38 7 0 Subscribe Interaction Class = 3 - OK
0 4 1 34 7 0 Publish Interaction Class = 4 - OK
0 0 0 3 9 0 Federation Name : COSSIM_PROC_NET_NODE1, Handle : 5 - OK
0 0 0 5 9 0 Federate "GEM5" joins Federation "COSSIM_PROC_NET_NODE1"(4)with handle 2. Socket 9 - OK
0 4 2 34 7 0 Publish Interaction Class = 3 - OK
0 4 2 38 7 0 Subscribe Interaction Class = 4 - OK
0 0 0 3 9 0 Federation Name : GLOBAL_SYNCHRONIZATION, Handle : 6 - OK
0 0 0 5 9 0 Federate "GEM5_NODE0" joins Federation "GLOBAL_SYNCHRONIZATION"(1)with handle 2. Socket 13 - OK
0 1 2 34 7 0 Publish Interaction Class = 3 - OK
0 1 2 38 7 0 Subscribe Interaction Class = 4 - OK
0 1 2 8 8 0 ON at time 0 - OK
0 1 2 7 8 0 ON at time 1 - OK
0 4 2 14 8 0 Label "Init" ended. - OK
0 4 1 14 8 0 Label "Init" ended. - OK
0 0 0 3 9 0 Federation Name : COSSIM_PROC_NET_NODE2, Handle : 7(Last modified Tue Feb 16 18:22:44 2016) created. - OK
0 0 0 5 9 0 Federate "OMNET" joins Federation "COSSIM_PROC_NET_NODE2"(7)with handle 1. Socket 15 - OK
0 1 2 14 8 0 Label "Init" ended. - OK
0 0 0 3 9 0 Federation Name : GLOBAL_SYNCHRONIZATION, Handle : 8 - OK
0 0 0 5 9 0 Federate "GEM5_NODE1" joins Federation "GLOBAL_SYNCHRONIZATION"(1)with handle 3. Socket 14 - OK
0 1 3 34 7 0 Publish Interaction Class = 3 - OK
0 1 3 38 7 0 Subscribe Interaction Class = 4 - OK
0 1 3 8 8 0 ON at time 0 - OK
0 1 3 7 8 0 ON at time 1 - OK
0 7 1 11 8 0 Label "Init" registered. Tag is "Waiting all federations." - OK
0 7 1 38 7 0 Subscribe Interaction Class = 3 - OK
0 7 1 34 7 0 Publish Interaction Class = 4 - OK
0 0 0 3 9 0 Federation Name : COSSIM_PROC_NET_NODE2, Handle : 9 - OK
0 0 0 5 9 0 Federate "GEM5" joins Federation "COSSIM_PROC_NET_NODE2"(7)with handle 2. Socket 11 - OK
0 7 2 34 7 0 Publish Interaction Class = 3 - OK
0 7 2 38 7 0 Subscribe Interaction Class = 4 - OK
0 7 2 14 8 0 Label "Init" ended. - OK
0 1 3 14 8 0 Label "Init" ended. - OK
0 7 1 14 8 0 Label "Init" ended. - OK
0 0 0 3 9 0 Federation Name : COSSIM_PROC_NET_NODE3, Handle : 10(Last modified Tue Feb 16 18:22:44 2016) created. - OK
0 0 0 5 9 0 Federate "OMNET" joins Federation "COSSIM_PROC_NET_NODE3"(10)with handle 1. Socket 17 - OK
0 0 0 3 9 0 Federation Name : GLOBAL_SYNCHRONIZATION, Handle : 11 - OK
0 0 0 5 9 0 Federate "GEM5_NODE2" joins Federation "GLOBAL_SYNCHRONIZATION"(1)with handle 4. Socket 16 - OK
0 1 4 34 7 0 Publish Interaction Class = 3 - OK
0 1 4 38 7 0 Subscribe Interaction Class = 4 - OK
0 1 4 8 8 0 ON at time 0 - OK
0 1 4 7 8 0 ON at time 1 - OK
0 10 1 11 8 0 Label "Init" registered. Tag is "Waiting all federations." - OK
0 10 1 38 7 0 Subscribe Interaction Class = 3 - OK
0 0 0 3 9 0 Federation Name : COSSIM_PROC_NET_NODE3, Handle : 12 - OK
0 10 1 34 7 0 Publish Interaction Class = 4 - OK
0 0 0 5 9 0 Federate "GEM5" joins Federation "COSSIM_PROC_NET_NODE3"(10)with handle 2. Socket 8 - OK
0 10 2 34 7 0 Publish Interaction Class = 3 - OK
0 10 2 38 7 0 Subscribe Interaction Class = 4 - OK
0 1 4 14 8 0 Label "Init" ended. - OK
0 10 2 14 8 0 Label "Init" ended. - OK
0 10 1 14 8 0 Label "Init" ended. - OK
0 0 0 3 9 0 Federation Name : GLOBAL_SYNCHRONIZATION, Handle : 13 - OK
0 0 0 5 9 0 Federate "GEM5_NODE3" joins Federation "GLOBAL_SYNCHRONIZATION"(1)with handle 5. Socket 18 - OK
0 1 5 34 7 0 Publish Interaction Class = 3 - OK
0 1 5 38 7 0 Subscribe Interaction Class = 4 - OK
0 1 5 8 8 0 ON at time 0 - OK
0 1 5 7 8 0 ON at time 1 - OK
0 1 5 14 8 0 Label "Init" ended. - OK
0 1 1 14 8 0 Label "Init" ended. - OK
0 2 2 6 9 0 Federate 2 resign federation(2) - OK
0 10 2 6 9 0 Federate 2 resign federation(10) - OK
0 2 1 48 6 63 Delete ObjID = 0Object <0>not found in map set.
0 1 5 8 8 0 OFF - OK
0 1 5 7 8 0 OFF - OK
0 1 5 6 9 0 Federate 5 resign federation(1) - OK
0 1 2 8 8 0 OFF - OK
0 1 2 7 8 0 OFF - OK
0 1 2 6 9 0 Federate 2 resign federation(1) - OK
0 7 2 6 9 0 Federate 2 resign federation(7) - OK
0 4 2 6 9 0 Federate 2 resign federation(4) - OK
0 1 3 8 8 0 OFF - OK
0 2 1 6 9 0 Federate 1 resign federation(2) - OK
0 1 4 8 8 0 OFF - OK
0 1 4 7 8 0 OFF - OK
0 1 4 6 9 0 Federate 4 resign federation(1) - OK
0 1 3 7 8 0 OFF - OK
0 1 3 6 9 0 Federate 3 resign federation(1) - OK
0 0 0 4 9 0 Federation Name "COSSIM_PROC_NET_NODE0"(2) destroyed. - OK
0 4 1 48 6 63 Delete ObjID = 1953066569Object <1953066569>not found in map set.
0 4 1 6 9 0 Federate 1 resign federation(4) - OK
0 0 0 4 9 0 Federation Name "COSSIM_PROC_NET_NODE1"(4) destroyed. - OK
0 7 1 48 6 63 Delete ObjID = 0Object <0>not found in map set.
0 7 1 6 9 0 Federate 1 resign federation(7) - OK
0 0 0 4 9 0 Federation Name "COSSIM_PROC_NET_NODE2"(7) destroyed. - OK
0 10 1 48 6 63 Delete ObjID = 1953066569Object <1953066569>not found in map set.
0 10 1 6 9 0 Federate 1 resign federation(10) - OK
0 0 0 4 9 0 Federation Name "COSSIM_PROC_NET_NODE3"(10) destroyed. - OK
0 1 1 48 6 63 Delete ObjID = 9963008Object <9963008>not found in map set.
0 1 1 8 8 0 OFF - OK
0 1 1 7 8 0 OFF - OK
0 1 1 6 9 0 Federate 1 resign federation(1) - OK
0 0 0 4 9 0 Federation Name "GLOBAL_SYNCHRONIZATION"(1) destroyed. - OK
0 0 0 1 9 0 Socket 7 - OK
0 0 0 1 9 0 Socket 12 - OK
0 0 0 1 9 0 Socket 15 - OK
0 0 0 1 9 0 Socket 17 - OK
0 0 0 1 9 0 Socket 9 - OK
0 0 0 1 9 0 Socket 14 - OK
0 0 0 1 9 0 Socket 16 - OK
0 0 0 1 9 0 Socket 11 - OK
0 0 0 1 9 0 Socket 10 - OK
0 0 0 1 9 0 Socket 13 - OK
0 0 0 1 9 0 Socket 8 - OK
0 0 0 1 9 0 Socket 18 - OK
0 0 0 1 9 0 Socket 6 - OK
